<?xml version="1.0" encoding="UTF-8"?>
<testsuite xmlns:xsi="http://www.w3.org/2001/XMLSchema-instance" xsi:noNamespaceSchemaLocation="https://maven.apache.org/surefire/maven-surefire-plugin/xsd/surefire-test-report.xsd" version="3.0.2" name="com.example.demo.UserServiceApplicationTests" time="8.089" tests="1" errors="0" skipped="0" failures="0">
  <properties>
[...]
</properties>
  <testcase name="contextLoads" classname="com.example.demo.UserServiceApplicationTests" time="0.698">
    <system-out><![CDATA[13:53:09.625 [main] INFO org.springframework.test.context.support.AnnotationConfigContextLoaderUtils -- Could not detect default configuration classes for test class [com.example.demo.UserServiceApplicationTests]: UserServiceApplicationTests does not declare any static, non-private, non-final, nested classes annotated with @Configuration.
13:53:09.737 [main] INFO org.springframework.boot.test.context.SpringBootTestContextBootstrapper -- Found @SpringBootConfiguration com.example.demo.UserServiceApplication for test class com.example.demo.UserServiceApplicationTests
13:53:10.073 [main] INFO org.springframework.boot.devtools.restart.RestartApplicationListener -- Restart disabled due to context in which it is running

  .   ____          _            __ _ _
 /\\ / ___'_ __ _ _(_)_ __  __ _ \ \ \ \
( ( )\___ | '_ | '_| | '_ \/ _` | \ \ \ \
 \\/  ___)| |_)| | | | | || (_| |  ) ) ) )
  '  |____| .__|_| |_|_| |_\__, | / / / /
 =========|_|==============|___/=/_/_/_/

 :: Spring Boot ::                (v3.5.9)

2026-01-08T13:53:10.388+05:30  WARN 7116 --- [user-service] [           main] ory$DuplicateJsonObjectContextCustomizer : 

Found multiple occurrences of org.json.JSONObject on the class path:

	jar:file:/C:/Users/prach/.m2/repository/com/vaadin/external/google/android-json/0.0.20131108.vaadin1/android-json-0.0.20131108.vaadin1.jar!/org/json/JSONObject.class
	jar:file:/C:/Users/prach/.m2/repository/org/json/json/20240303/json-20240303.jar!/org/json/JSONObject.class

You may wish to exclude one of them to ensure predictable runtime behavior

2026-01-08T13:53:10.444+05:30  INFO 7116 --- [user-service] [           main] c.e.demo.UserServiceApplicationTests     : Starting UserServiceApplicationTests using Java 21.0.7 with PID 7116 (started by prach in C:\Java_Workspace\user-service)
2026-01-08T13:53:10.447+05:30  INFO 7116 --- [user-service] [           main] c.e.demo.UserServiceApplicationTests     : No active profile set, falling back to 1 default profile: "default"
2026-01-08T13:53:11.473+05:30  INFO 7116 --- [user-service] [           main] .s.d.r.c.RepositoryConfigurationDelegate : Bootstrapping Spring Data JPA repositories in DEFAULT mode.
2026-01-08T13:53:11.608+05:30  INFO 7116 --- [user-service] [           main] .s.d.r.c.RepositoryConfigurationDelegate : Finished Spring Data repository scanning in 123 ms. Found 1 JPA repository interface.
2026-01-08T13:53:11.991+05:30  INFO 7116 --- [user-service] [           main] o.s.cloud.context.scope.GenericScope     : BeanFactory id=075e0d1e-23c7-337d-a133-37ba1ef86455
2026-01-08T13:53:12.516+05:30  INFO 7116 --- [user-service] [           main] o.hibernate.jpa.internal.util.LogHelper  : HHH000204: Processing PersistenceUnitInfo [name: default]
2026-01-08T13:53:12.615+05:30  INFO 7116 --- [user-service] [           main] org.hibernate.Version                    : HHH000412: Hibernate ORM core version 6.6.39.Final
2026-01-08T13:53:12.666+05:30  INFO 7116 --- [user-service] [           main] o.h.c.internal.RegionFactoryInitiator    : HHH000026: Second-level cache disabled
2026-01-08T13:53:13.145+05:30  INFO 7116 --- [user-service] [           main] o.s.o.j.p.SpringPersistenceUnitInfo      : No LoadTimeWeaver setup: ignoring JPA class transformer
2026-01-08T13:53:13.175+05:30  INFO 7116 --- [user-service] [           main] com.zaxxer.hikari.HikariDataSource       : HikariPool-1 - Starting...
2026-01-08T13:53:13.592+05:30  INFO 7116 --- [user-service] [           main] com.zaxxer.hikari.pool.HikariPool        : HikariPool-1 - Added connection com.mysql.cj.jdbc.ConnectionImpl@54b2d002
2026-01-08T13:53:13.595+05:30  INFO 7116 --- [user-service] [           main] com.zaxxer.hikari.HikariDataSource       : HikariPool-1 - Start completed.
2026-01-08T13:53:13.689+05:30  INFO 7116 --- [user-service] [           main] org.hibernate.orm.connections.pooling    : HHH10001005: Database info:
	Database JDBC URL [Connecting through datasource 'HikariDataSource (HikariPool-1)']
	Database driver: undefined/unknown
	Database version: 9.3
	Autocommit mode: undefined/unknown
	Isolation level: undefined/unknown
	Minimum pool size: undefined/unknown
	Maximum pool size: undefined/unknown
2026-01-08T13:53:14.530+05:30  INFO 7116 --- [user-service] [           main] o.h.e.t.j.p.i.JtaPlatformInitiator       : HHH000489: No JTA platform available (set 'hibernate.transaction.jta.platform' to enable JTA platform integration)
2026-01-08T13:53:14.584+05:30  INFO 7116 --- [user-service] [           main] j.LocalContainerEntityManagerFactoryBean : Initialized JPA EntityManagerFactory for persistence unit 'default'
2026-01-08T13:53:15.037+05:30  WARN 7116 --- [user-service] [           main] JpaBaseConfiguration$JpaWebConfiguration : spring.jpa.open-in-view is enabled by default. Therefore, database queries may be performed during view rendering. Explicitly configure spring.jpa.open-in-view to disable this warning
2026-01-08T13:53:15.764+05:30  INFO 7116 --- [user-service] [           main] DiscoveryClientOptionalArgsConfiguration : Eureka HTTP Client uses RestTemplate.
2026-01-08T13:53:15.862+05:30  WARN 7116 --- [user-service] [           main] iguration$LoadBalancerCaffeineWarnLogger : Spring Cloud LoadBalancer is currently working with the default cache. While this cache implementation is useful for development and tests, it's recommended to use Caffeine cache in production.You can switch to using Caffeine cache, by adding it and org.springframework.cache.caffeine.CaffeineCacheManager to the classpath.
2026-01-08T13:53:15.951+05:30  INFO 7116 --- [user-service] [           main] o.s.c.n.eureka.InstanceInfoFactory       : Setting initial instance status as: STARTING
2026-01-08T13:53:15.994+05:30  INFO 7116 --- [user-service] [           main] com.netflix.discovery.DiscoveryClient    : Initializing Eureka in region us-east-1
2026-01-08T13:53:15.998+05:30  INFO 7116 --- [user-service] [           main] c.n.d.s.r.aws.ConfigClusterResolver      : Resolving eureka endpoints via configuration
2026-01-08T13:53:16.011+05:30  INFO 7116 --- [user-service] [           main] com.netflix.discovery.DiscoveryClient    : Disable delta property : false
2026-01-08T13:53:16.012+05:30  INFO 7116 --- [user-service] [           main] com.netflix.discovery.DiscoveryClient    : Single vip registry refresh property : null
2026-01-08T13:53:16.012+05:30  INFO 7116 --- [user-service] [           main] com.netflix.discovery.DiscoveryClient    : Force full registry fetch : false
2026-01-08T13:53:16.012+05:30  INFO 7116 --- [user-service] [           main] com.netflix.discovery.DiscoveryClient    : Application is null : false
2026-01-08T13:53:16.012+05:30  INFO 7116 --- [user-service] [           main] com.netflix.discovery.DiscoveryClient    : Registered Applications size is zero : true
2026-01-08T13:53:16.012+05:30  INFO 7116 --- [user-service] [           main] com.netflix.discovery.DiscoveryClient    : Application version is -1: true
2026-01-08T13:53:16.012+05:30  INFO 7116 --- [user-service] [           main] com.netflix.discovery.DiscoveryClient    : Getting all instance registry info from the eureka server
2026-01-08T13:53:16.719+05:30  INFO 7116 --- [user-service] [           main] com.netflix.discovery.DiscoveryClient    : The response status is 200
2026-01-08T13:53:16.722+05:30  INFO 7116 --- [user-service] [           main] com.netflix.discovery.DiscoveryClient    : Starting heartbeat executor: renew interval is: 30
2026-01-08T13:53:16.724+05:30  INFO 7116 --- [user-service] [           main] c.n.discovery.InstanceInfoReplicator     : InstanceInfoReplicator onDemand update allowed rate per min is 4
2026-01-08T13:53:16.730+05:30  INFO 7116 --- [user-service] [           main] com.netflix.discovery.DiscoveryClient    : Discovery Client initialized at timestamp 1767860596726 with initial instances count: 3
2026-01-08T13:53:16.736+05:30  INFO 7116 --- [user-service] [           main] o.s.c.n.e.s.EurekaServiceRegistry        : Registering application USER-SERVICE with eureka with status UP
2026-01-08T13:53:16.737+05:30  INFO 7116 --- [user-service] [           main] com.netflix.discovery.DiscoveryClient    : Saw local status change event StatusChangeEvent [timestamp=1767860596737, current=UP, previous=STARTING]
2026-01-08T13:53:16.740+05:30  INFO 7116 --- [user-service] [foReplicator-%d] com.netflix.discovery.DiscoveryClient    : DiscoveryClient_USER-SERVICE/BOOK-BKOEV1Q765:user-service:8082: registering service...
2026-01-08T13:53:16.755+05:30  INFO 7116 --- [user-service] [           main] c.e.demo.UserServiceApplicationTests     : Started UserServiceApplicationTests in 6.696 seconds (process running for 7.901)
2026-01-08T13:53:16.908+05:30  INFO 7116 --- [user-service] [foReplicator-%d] com.netflix.discovery.DiscoveryClient    : DiscoveryClient_USER-SERVICE/BOOK-BKOEV1Q765:user-service:8082 - registration status: 204
]]></system-out>
    <system-err><![CDATA[Mockito is currently self-attaching to enable the inline-mock-maker. This will no longer work in future releases of the JDK. Please add Mockito as an agent to your build as described in Mockito's documentation: https://javadoc.io/doc/org.mockito/mockito-core/latest/org.mockito/org/mockito/Mockito.html#0.3
WARNING: A Java agent has been loaded dynamically (C:\Users\prach\.m2\repository\net\bytebuddy\byte-buddy-agent\1.17.8\byte-buddy-agent-1.17.8.jar)
WARNING: If a serviceability tool is in use, please run with -XX:+EnableDynamicAgentLoading to hide this warning
WARNING: If a serviceability tool is not in use, please run with -Djdk.instrument.traceUsage for more information
WARNING: Dynamic loading of agents will be disallowed by default in a future release
]]></system-err>
  </testcase>
</testsuite>